This is pdfTeXk, Version 3.1415926-1.40.9 (Web2C 7.5.7) (format=pdflatex 2008.9.18)  4 AUG 2010 16:49
entering extended mode
 %&-line parsing enabled.
**gndms-site-04.08.2010.tex
(./gndms-site-04.08.2010.tex
LaTeX2e <2005/12/01>
Babel <v3.8l> and hyphenation patterns for english, usenglishmax, dumylang, noh
yphenation, german-x-2008-06-18, ngerman-x-2008-06-18, ancientgreek, ibycus, ar
abic, basque, bulgarian, catalan, pinyin, coptic, croatian, czech, danish, dutc
h, esperanto, estonian, farsi, finnish, french, galician, german, ngerman, mono
greek, greek, hungarian, icelandic, indonesian, interlingua, irish, italian, la
tin, mongolian, mongolian2a, bokmal, nynorsk, polish, portuguese, romanian, rus
sian, sanskrit, serbian, slovak, slovenian, spanish, swedish, turkish, ukenglis
h, ukrainian, uppersorbian, welsh, loaded.
(/usr/local/texlive/2008/texmf-dist/tex/latex/base/article.cls
Document Class: article 2005/09/16 v1.4f Standard LaTeX document class
(/usr/local/texlive/2008/texmf-dist/tex/latex/base/size10.clo
File: size10.clo 2005/09/16 v1.4f Standard LaTeX file (size option)
)
\c@part=\count79
\c@section=\count80
\c@subsection=\count81
\c@subsubsection=\count82
\c@paragraph=\count83
\c@subparagraph=\count84
\c@figure=\count85
\c@table=\count86
\abovecaptionskip=\skip41
\belowcaptionskip=\skip42
\bibindent=\dimen102
)
(/usr/local/texlive/2008/texmf-dist/tex/latex/amsfonts/amssymb.sty
Package: amssymb 2002/01/22 v2.2d

(/usr/local/texlive/2008/texmf-dist/tex/latex/amsfonts/amsfonts.sty
Package: amsfonts 2001/10/25 v2.2f
\@emptytoks=\toks14
\symAMSa=\mathgroup4
\symAMSb=\mathgroup5
LaTeX Font Info:    Overwriting math alphabet `\mathfrak' in version `bold'
(Font)                  U/euf/m/n --> U/euf/b/n on input line 132.
))
(/usr/local/texlive/2008/texmf-dist/tex/latex/amsmath/amsmath.sty
Package: amsmath 2000/07/18 v2.13 AMS math features
\@mathmargin=\skip43

For additional information on amsmath, use the `?' option.
(/usr/local/texlive/2008/texmf-dist/tex/latex/amsmath/amstext.sty
Package: amstext 2000/06/29 v2.01

(/usr/local/texlive/2008/texmf-dist/tex/latex/amsmath/amsgen.sty
File: amsgen.sty 1999/11/30 v2.0
\@emptytoks=\toks15
\ex@=\dimen103
))
(/usr/local/texlive/2008/texmf-dist/tex/latex/amsmath/amsbsy.sty
Package: amsbsy 1999/11/29 v1.2d
\pmbraise@=\dimen104
)
(/usr/local/texlive/2008/texmf-dist/tex/latex/amsmath/amsopn.sty
Package: amsopn 1999/12/14 v2.01 operator names
)
\inf@bad=\count87
LaTeX Info: Redefining \frac on input line 211.
\uproot@=\count88
\leftroot@=\count89
LaTeX Info: Redefining \overline on input line 307.
\classnum@=\count90
\DOTSCASE@=\count91
LaTeX Info: Redefining \ldots on input line 379.
LaTeX Info: Redefining \dots on input line 382.
LaTeX Info: Redefining \cdots on input line 467.
\Mathstrutbox@=\box26
\strutbox@=\box27
\big@size=\dimen105
LaTeX Font Info:    Redeclaring font encoding OML on input line 567.
LaTeX Font Info:    Redeclaring font encoding OMS on input line 568.
\macc@depth=\count92
\c@MaxMatrixCols=\count93
\dotsspace@=\muskip10
\c@parentequation=\count94
\dspbrk@lvl=\count95
\tag@help=\toks16
\row@=\count96
\column@=\count97
\maxfields@=\count98
\andhelp@=\toks17
\eqnshift@=\dimen106
\alignsep@=\dimen107
\tagshift@=\dimen108
\tagwidth@=\dimen109
\totwidth@=\dimen110
\lineht@=\dimen111
\@envbody=\toks18
\multlinegap=\skip44
\multlinetaggap=\skip45
\mathdisplay@stack=\toks19
LaTeX Info: Redefining \[ on input line 2666.
LaTeX Info: Redefining \] on input line 2667.
)
(/usr/local/texlive/2008/texmf-dist/tex/latex/ucs/ucs.sty
Package: ucs 2004/10/17 UCS: Unicode input support

(/usr/local/texlive/2008/texmf-dist/tex/latex/ucs/data/uni-global.def
File: uni-global.def 2004/10/17 UCS: Unicode global data
)
\uc@secondtry=\count99
\uc@combtoks=\toks20
\uc@combtoksb=\toks21
\uc@temptokena=\toks22
)
(/usr/local/texlive/2008/texmf-dist/tex/latex/base/inputenc.sty
Package: inputenc 2006/05/05 v1.1b Input encoding file
\inpenc@prehook=\toks23
\inpenc@posthook=\toks24

(/usr/local/texlive/2008/texmf-dist/tex/latex/ucs/utf8x.def
File: utf8x.def 2004/10/17 UCS: Input encoding UTF-8
))
(/usr/local/texlive/2008/texmf-dist/tex/latex/tools/array.sty
Package: array 2005/08/23 v2.4b Tabular extension package (FMi)
\col@sep=\dimen112
\extrarowheight=\dimen113
\NC@list=\toks25
\extratabsurround=\skip46
\backup@length=\skip47
)
(/usr/local/texlive/2008/texmf-dist/tex/latex/hyperref/hyperref.sty
Package: hyperref 2008/08/14 v6.78f Hypertext links for LaTeX

(/usr/local/texlive/2008/texmf-dist/tex/latex/graphics/keyval.sty
Package: keyval 1999/03/16 v1.13 key=value parser (DPC)
\KV@toks@=\toks26
)
(/usr/local/texlive/2008/texmf-dist/tex/generic/oberdiek/ifpdf.sty
Package: ifpdf 2007/12/12 v1.6 Provides the ifpdf switch (HO)
Package ifpdf Info: pdfTeX in pdf mode detected.
)
(/usr/local/texlive/2008/texmf-dist/tex/generic/oberdiek/ifvtex.sty
Package: ifvtex 2007/09/09 v1.3 Switches for detecting VTeX and its modes (HO)
Package ifvtex Info: VTeX not detected.
)
(/usr/local/texlive/2008/texmf-dist/tex/generic/ifxetex/ifxetex.sty
Package: ifxetex 2006/08/21 v0.3 Provides ifxetex conditional
)
(/usr/local/texlive/2008/texmf-dist/tex/latex/oberdiek/hycolor.sty
Package: hycolor 2008/08/01 v1.3 Code for color options of hyperref/bookmark (H
O)

(/usr/local/texlive/2008/texmf-dist/tex/latex/oberdiek/xcolor-patch.sty
Package: xcolor-patch 2008/08/01 xcolor patch
))
\@linkdim=\dimen114
\Hy@linkcounter=\count100
\Hy@pagecounter=\count101

(/usr/local/texlive/2008/texmf-dist/tex/latex/hyperref/pd1enc.def
File: pd1enc.def 2008/08/14 v6.78f Hyperref: PDFDocEncoding definition (HO)
)
(/usr/local/texlive/2008/texmf-dist/tex/generic/oberdiek/etexcmds.sty
Package: etexcmds 2007/12/12 v1.2 Prefix for e-TeX command names (HO)

(/usr/local/texlive/2008/texmf-dist/tex/generic/oberdiek/infwarerr.sty
Package: infwarerr 2007/09/09 v1.2 Providing info/warning/message (HO)
)
Package etexcmds Info: Could not find \expanded.
(etexcmds)             That can mean that you are not using pdfTeX 1.50 or
(etexcmds)             that some package has redefined \expanded.
(etexcmds)             In the latter case, load this package earlier.
)
(/usr/local/texlive/2008/texmf/tex/latex/config/hyperref.cfg
File: hyperref.cfg 2002/06/06 v1.2 hyperref configuration of TeXLive
)
(/usr/local/texlive/2008/texmf-dist/tex/latex/oberdiek/kvoptions.sty
Package: kvoptions 2007/10/18 v3.0 Keyval support for LaTeX options (HO)
)
Package hyperref Info: Option `breaklinks' set `true' on input line 2765.
Package hyperref Info: Option `unicode' set `true' on input line 2765.

(/usr/local/texlive/2008/texmf-dist/tex/latex/hyperref/puenc.def
File: puenc.def 2008/08/14 v6.78f Hyperref: PDF Unicode definition (HO)
)
Package hyperref Info: Hyper figures OFF on input line 2876.
Package hyperref Info: Link nesting OFF on input line 2881.
Package hyperref Info: Hyper index ON on input line 2884.
Package hyperref Info: Plain pages OFF on input line 2891.
Package hyperref Info: Backreferencing OFF on input line 2896.

Implicit mode ON; LaTeX internals redefined
Package hyperref Info: Bookmarks ON on input line 3086.
(/usr/local/texlive/2008/texmf-dist/tex/latex/ltxmisc/url.sty
\Urlmuskip=\muskip11
Package: url 2006/04/12  ver 3.3  Verb mode for urls, etc.
)
LaTeX Info: Redefining \url on input line 3272.

(/usr/local/texlive/2008/texmf-dist/tex/generic/oberdiek/bitset.sty
Package: bitset 2007/09/28 v1.0 Data type bit set (HO)

(/usr/local/texlive/2008/texmf-dist/tex/generic/oberdiek/intcalc.sty
Package: intcalc 2007/09/27 v1.1 Expandable integer calculations (HO)
)
(/usr/local/texlive/2008/texmf-dist/tex/generic/oberdiek/bigintcalc.sty
Package: bigintcalc 2007/11/11 v1.1 Expandable big integer calculations (HO)

(/usr/local/texlive/2008/texmf-dist/tex/generic/oberdiek/pdftexcmds.sty
Package: pdftexcmds 2007/12/12 v0.3 LuaTeX support for pdfTeX utility functions
 (HO)
Package pdftexcmds Info: LuaTeX not detected on input line 139.
)))
(/usr/local/texlive/2008/texmf-dist/tex/generic/oberdiek/kvsetkeys.sty
Package: kvsetkeys 2007/09/29 v1.3 Key value parser with default handler suppor
t (HO)
)
\Fld@menulength=\count102
\Field@Width=\dimen115
\Fld@charsize=\dimen116
\Field@toks=\toks27
Package hyperref Info: Hyper figures OFF on input line 4189.
Package hyperref Info: Link nesting OFF on input line 4194.
Package hyperref Info: Hyper index ON on input line 4197.
Package hyperref Info: backreferencing OFF on input line 4204.
Package hyperref Info: Link coloring OFF on input line 4209.
Package hyperref Info: Link coloring with OCG OFF on input line 4214.
Package hyperref Info: PDF/A mode OFF on input line 4219.

(/usr/local/texlive/2008/texmf-dist/tex/generic/oberdiek/atbegshi.sty
Package: atbegshi 2008/07/31 v1.9 At begin shipout hook (HO)
)
\Hy@abspage=\count103
\c@Item=\count104
\c@Hfootnote=\count105
)
*hyperref using default driver hpdftex*
(/usr/local/texlive/2008/texmf-dist/tex/latex/hyperref/hpdftex.def
File: hpdftex.def 2008/08/14 v6.78f Hyperref driver for pdfTeX
\Fld@listcount=\count106
)
(./gndms-site-04.08.2010.aux)
\openout1 = `gndms-site-04.08.2010.aux'.

LaTeX Font Info:    Checking defaults for OML/cmm/m/it on input line 19.
LaTeX Font Info:    ... okay on input line 19.
LaTeX Font Info:    Checking defaults for T1/cmr/m/n on input line 19.
LaTeX Font Info:    ... okay on input line 19.
LaTeX Font Info:    Checking defaults for OT1/cmr/m/n on input line 19.
LaTeX Font Info:    ... okay on input line 19.
LaTeX Font Info:    Checking defaults for OMS/cmsy/m/n on input line 19.
LaTeX Font Info:    ... okay on input line 19.
LaTeX Font Info:    Checking defaults for OMX/cmex/m/n on input line 19.
LaTeX Font Info:    ... okay on input line 19.
LaTeX Font Info:    Checking defaults for U/cmr/m/n on input line 19.
LaTeX Font Info:    ... okay on input line 19.
LaTeX Font Info:    Checking defaults for PD1/pdf/m/n on input line 19.
LaTeX Font Info:    ... okay on input line 19.
LaTeX Font Info:    Checking defaults for PU/pdf/m/n on input line 19.
LaTeX Font Info:    ... okay on input line 19.

(/usr/local/texlive/2008/texmf-dist/tex/latex/ucs/ucsencs.def
File: ucsencs.def 2003/11/29 Fixes to fontencodings LGR, T3
)
Package hyperref Info: Link coloring OFF on input line 19.

(/usr/local/texlive/2008/texmf-dist/tex/latex/hyperref/nameref.sty
Package: nameref 2007/05/29 v2.31 Cross-referencing by name of section

(/usr/local/texlive/2008/texmf-dist/tex/latex/oberdiek/refcount.sty
Package: refcount 2008/08/11 v3.1 Data extraction from references (HO)
)
\c@section@level=\count107
)
LaTeX Info: Redefining \ref on input line 19.
LaTeX Info: Redefining \pageref on input line 19.

(./gndms-site-04.08.2010.out) (./gndms-site-04.08.2010.out)
\@outlinefile=\write3
\openout3 = `gndms-site-04.08.2010.out'.

\AtBeginShipoutBox=\box28
LaTeX Font Info:    Try loading font information for U+msa on input line 22.

(/usr/local/texlive/2008/texmf-dist/tex/latex/amsfonts/umsa.fd
File: umsa.fd 2002/01/19 v2.2g AMS font definitions
)
LaTeX Font Info:    Try loading font information for U+msb on input line 22.

(/usr/local/texlive/2008/texmf-dist/tex/latex/amsfonts/umsb.fd
File: umsb.fd 2002/01/19 v2.2g AMS font definitions
)
(./gndms-site-04.08.2010.toc [1

{/usr/local/texlive/2008/texmf-var/fonts/map/pdftex/updmap/pdftex.map}] [2])
\tf@toc=\write4
\openout4 = `gndms-site-04.08.2010.toc'.

 [3] [4] [5]
LaTeX Font Info:    Try loading font information for OMS+cmr on input line 148.


(/usr/local/texlive/2008/texmf-dist/tex/latex/base/omscmr.fd
File: omscmr.fd 1999/05/25 v2.5h Standard LaTeX font definitions
)
LaTeX Font Info:    Font shape `OMS/cmr/m/n' in size <10> not available
(Font)              Font shape `OMS/cmsy/m/n' tried instead on input line 148.

Overfull \hbox (28.47836pt too wide) in paragraph at lines 165--167
[]\OT1/cmr/bx/n/10 NOTE \OT1/cmr/m/it/10 If you want to cut down the build, try
 \OT1/cmtt/m/it/10 ./configure --prefix=/opt/gt-4.0.8
 []


Overfull \hbox (22.4968pt too wide) in paragraph at lines 165--167
\OT1/cmtt/m/it/10 --with-flavor=gcc32dbg --disable-rls --disable-tests --disabl
e-wstests
 []


Overfull \hbox (44.22023pt too wide) in paragraph at lines 174--179
[]\OT1/cmr/m/n/10 Life gets eas-ier by putting []\OT1/cmtt/m/n/10 source   $GLO
BUS_LOCATION/etc/globus-user-env.sh
 []


Overfull \hbox (41.8583pt too wide) in paragraph at lines 174--179
\OT1/cmr/m/n/10 and []\OT1/cmtt/m/n/10 source   $GLOBUS_LOCATION/etc/globus-dev
el-env.sh \OT1/cmr/m/n/10 in []\OT1/cmtt/m/n/10 $HOME/.profile
 []

[6]
Overfull \hbox (106.49606pt too wide) in paragraph at lines 206--206
[]\OT1/cmtt/m/n/10 log4j.appender.A1.layout.ConversionPattern=%d{ISO8601} %-5p 
%c{2} [%t,%M:%L] <%x> %m%n[] 
 []


Overfull \hbox (25.41783pt too wide) in paragraph at lines 209--211
[]\OT1/cmr/bx/n/10 ATTENTION \OT1/cmr/m/it/10 The de-fault globus log file in \
OT1/cmtt/m/sl/10 $\OT1/cmtt/m/it/10 GLOBUS[]LOCATION/var/container.log
 []


Overfull \hbox (90.31746pt too wide) in paragraph at lines 247--252
\OT1/cmr/m/n/10 buildr is in-cluded with GNDMS and can be ex-e-cuted by run-nin
g []\OT1/cmtt/m/n/10 $GNDMS_SOURCE/bin/gndms-buildr\OT1/cmr/m/n/10 .
 []

[7]
Overfull \hbox (30.60805pt too wide) in paragraph at lines 271--273
[]\OT1/cmr/m/n/10 Please en-ter []\OT1/cmtt/m/n/10 $GNDMS_SOURCE \OT1/cmr/m/n/1
0 and exeucte []\OT1/cmtt/m/n/10 gndms-buildr install-distribution 
 []


Overfull \hbox (35.38841pt too wide) in paragraph at lines 278--280
[]\OT1/cmr/m/n/10 Download and in-stall re-quired soft-ware de-pen-den-cies int
o []\OT1/cmtt/m/n/10 $GLOBUS_LOCATION/lib\OT1/cmr/m/n/10 . 
 []

LaTeX Font Info:    Font shape `OT1/cmtt/bx/n' in size <10> not available
(Font)              Font shape `OT1/cmtt/m/n' tried instead on input line 281.

Overfull \hbox (3.60982pt too wide) in paragraph at lines 289--294
\OT1/cmr/m/n/10 and check []\OT1/cmtt/m/n/10 $GLOBUS_LOCATION/var/container.log
 \OT1/cmr/m/n/10 If ev-ery-thing goes right
 []

[8]
Overfull \hbox (84.31654pt too wide) in paragraph at lines 359--362
[]\OT1/cmr/bx/n/10 PT-Grid Setup & Con-fig-u-ra-tion \OT1/cmr/m/n/10 : Edit []\
OT1/cmtt/m/n/10 $GNDMS_SOURCE/scripts/ptgrid/setup-resource.sh
 []

[9]
Overfull \hbox (22.4968pt too wide) in paragraph at lines 417--417
[]    \OT1/cmtt/m/n/10 dd if=/dev/urandom bs=1024 count=1024 of=transfer_test$i
.dat; done[] 
 []


Overfull \hbox (40.85957pt too wide) in paragraph at lines 421--428
[]\OT1/cmr/m/n/10 The client reads its prop-er-ties from a file: []\OT1/cmtt/m/
n/10 $GNDMS_SOURCE/etc/sliceInOut.properties\OT1/cmr/m/n/10 .
 []

[10]
Overfull \hbox (85.49625pt too wide) in paragraph at lines 449--449
[]\OT1/cmtt/m/n/10 Connected to GNDMS: Generation N Data Management System VERS
ION: 0.3-pre "Kylie++"[] 
 []


Overfull \hbox (0.1085pt too wide) in paragraph at lines 473--478
[]\OT1/cmr/bx/n/10 I'm get-ting a []\OT1/cmtt/m/n/10 GSSException: Defective cr
edential detected \OT1/cmr/bx/n/10 ex-cep-tion.
 []


Overfull \hbox (12.12825pt too wide) in paragraph at lines 473--478
\OT1/cmr/m/n/10 ist or your CA di-rec-tory isn't up to date. In the first case 
just call []\OT1/cmtt/m/n/10 grid-proxy-init
 []


Overfull \hbox (208.55147pt too wide) in paragraph at lines 483--490
\OT1/cmr/m/n/10 DNs to ei-ther []\OT1/cmtt/m/n/10 /etc/grid-security/gndms-supp
ort-stuff \OT1/cmr/m/n/10 or []\OT1/cmtt/m/n/10 $GLOBUS_LOCATION/etc/gndms_shar
ed/gndms-support-stuff\OT1/cmr/m/n/10 .
 []

[11]
Overfull \hbox (65.22034pt too wide) in paragraph at lines 497--505
\OT1/cmr/m/n/10 tainer.log startup sec-tion, looks like []\OT1/cmtt/m/n/10 http
s://$HOSTNAME:8443/wsrf/services/gndms/GORFX\OT1/cmr/m/n/10 )
 []


Overfull \hbox (88.4155pt too wide) in paragraph at lines 497--505
\OT1/cmr/m/n/10 syn-op-sis of pos-si-ble pa-ram-e-ters or leave it empty to re-
trieve []\OT1/cmtt/m/n/10 $GLOBUS_LOCATION/var/container.log
 []

[12]
Overfull \hbox (17.24684pt too wide) in paragraph at lines 563--563
[]\OT1/cmtt/m/n/10 gndms-buildr artifcats            # Download all 3rd party c
omponents[] 
 []


Overfull \hbox (22.4968pt too wide) in paragraph at lines 563--563
[]\OT1/cmtt/m/n/10 gndms-buildr apidocs              # Build Javadocs (gndms is
 excluded)[] 
 []


Overfull \hbox (62.5324pt too wide) in paragraph at lines 565--567
\OT1/cmr/m/it/10 This will make \OT1/cmtt/m/it/10 gndms-buildr install-deps \OT
1/cmr/m/it/10 sym-link de-pen-den-cies to \OT1/cmtt/m/sl/10 $\OT1/cmtt/m/it/10 
GLOBUS[]LOCATION/lib
 []


Overfull \hbox (30.1084pt too wide) in paragraph at lines 568--570
[]\OT1/cmr/bx/n/10 NOTE \OT1/cmr/m/it/10 Once sym-links have been set up prop-e
rly, de-vel-op-ers may set \OT1/cmtt/m/sl/10 $\OT1/cmtt/m/it/10 GNDMS[]DEPS=ski
p
 []

[13]
Overfull \hbox (45.10011pt too wide) in paragraph at lines 602--604
[]\OT1/cmr/m/n/10 Do you need to re-gen the stubs? []\OT1/cmtt/m/n/10 gndms-bui
ldr clean-services   package-stubs
 []


Overfull \hbox (70.0563pt too wide) in paragraph at lines 630--636
\OT1/cmr/m/n/10 Other com-mon rea-sons for a failed con-tainer starts are in-va
lid cre-den-tials (hostkey/hostcert.pem)
 []


Overfull \hbox (75.90637pt too wide) in paragraph at lines 630--636
\OT1/cmr/m/n/10 or out-dated CRLs. In the lat-ter case, the script con-tained i
n []\OT1/cmtt/m/n/10 $GNDMS_SOURCE/contrib/fetch-crl
 []

[14]
Overfull \hbox (48.71207pt too wide) in paragraph at lines 695--700
[][]\OT1/cmtt/m/n/10 moni init \OT1/cmr/m/n/10 cre-ates a new ses-sion (De-faul
t ses-sion time-out is 22 mins). []\OT1/cmtt/m/n/10 moni open repl foo
 []

[15]
Overfull \hbox (10.66539pt too wide) in paragraph at lines 739--742
[]\OT1/cmr/m/n/10 If you don't get a con-nec-tion, check []\OT1/cmtt/m/n/10 $GL
OBUS_LOCATION/var/container.log
 []

LaTeX Font Info:    Try loading font information for OML+cmr on input line 756.

(/usr/local/texlive/2008/texmf-dist/tex/latex/base/omlcmr.fd
File: omlcmr.fd 1999/05/25 v2.5h Standard LaTeX font definitions
)
LaTeX Font Info:    Font shape `OML/cmr/m/n' in size <10> not available
(Font)              Font shape `OML/cmm/m/it' tried instead on input line 756.
 [16]
Overfull \hbox (3.79512pt too wide) in paragraph at lines 766--770
\OT1/cmr/m/n/10 mon-i-tor is in-stan-ti-ated. To en-able them, []\OT1/cmtt/m/n/
10 ExpandoMetaClass.enableGlobally()
 []


Overfull \hbox (43.49661pt too wide) in paragraph at lines 804--804
[]\OT1/cmtt/m/n/10 < Service Clients ------------------------------------------
------------ >[] 
 []


Overfull \hbox (43.49661pt too wide) in paragraph at lines 804--804
[]\OT1/cmtt/m/n/10 [ services: DSpace, GORFX ----------------------------------
------------ ][] 
 []


Overfull \hbox (43.49661pt too wide) in paragraph at lines 804--804
[]\OT1/cmtt/m/n/10 [ gritserv--------------------------------------------------
------------ ][] 
 []


Overfull \hbox (43.49661pt too wide) in paragraph at lines 804--804
[]\OT1/cmtt/m/n/10 |                 [ infra ----------------------------------
------------ ][] 
 []


Overfull \hbox (43.49661pt too wide) in paragraph at lines 804--804
[]\OT1/cmtt/m/n/10 |                 [ logic ----------------------------------
------------ ][] 
 []


Overfull \hbox (43.49661pt too wide) in paragraph at lines 804--804
[]\OT1/cmtt/m/n/10 |                 |                                    < Con
figuration > |[] 
 []


Overfull \hbox (43.49661pt too wide) in paragraph at lines 804--804
[]\OT1/cmtt/m/n/10 |                 |                                    < Mon
itor Shell > |[] 
 []


Overfull \hbox (43.49661pt too wide) in paragraph at lines 804--804
[]\OT1/cmtt/m/n/10 |                 [ kit ------------------------------------
------------ ][] 
 []


Overfull \hbox (43.49661pt too wide) in paragraph at lines 804--804
[]\OT1/cmtt/m/n/10 |                 |                                         
             |[] 
 []


Overfull \hbox (43.49661pt too wide) in paragraph at lines 804--804
[]\OT1/cmtt/m/n/10 |                 |               [ model ------------------
--]          |[] 
 []


Overfull \hbox (43.49661pt too wide) in paragraph at lines 804--804
[]\OT1/cmtt/m/n/10 |                 |               |                         
  |          |[] 
 []


Overfull \hbox (43.49661pt too wide) in paragraph at lines 804--804
[]\OT1/cmtt/m/n/10 |                 |               [ stuff -------- ]        
  |          |[] 
 []


Overfull \hbox (43.49661pt too wide) in paragraph at lines 804--804
[]\OT1/cmtt/m/n/10 |                 |               |                |        
  |          |[] 
 []


Overfull \hbox (43.49661pt too wide) in paragraph at lines 804--804
[]\OT1/cmtt/m/n/10 [ Service Stubs ]-[ GT4 Container ]                [ Open-JP
A ]-[ Groovy ][] 
 []


Overfull \hbox (43.49661pt too wide) in paragraph at lines 804--804
[]\OT1/cmtt/m/n/10 |                                                  [ Derby  
  ]-[ Jetty  ][] 
 []


Overfull \hbox (43.49661pt too wide) in paragraph at lines 804--804
[]\OT1/cmtt/m/n/10 |                                                           
             |[] 
 []


Overfull \hbox (43.49661pt too wide) in paragraph at lines 804--804
[]\OT1/cmtt/m/n/10 [ Additional External Libraries ----------------------------
------------ ][] 
 []

[17]
Overfull \hbox (43.49661pt too wide) in paragraph at lines 822--822
[]\OT1/cmtt/m/n/10 < gndmc client ---------------------------------------------
------------ >[] 
 []


Overfull \hbox (43.49661pt too wide) in paragraph at lines 822--822
[]\OT1/cmtt/m/n/10 [ gndmc ----------------------------------------------------
------------ ][] 
 []


Overfull \hbox (43.49661pt too wide) in paragraph at lines 822--822
[]\OT1/cmtt/m/n/10 [ services: DSpace, GORFX ----------------------------------
------------ ][] 
 []


Overfull \hbox (43.49661pt too wide) in paragraph at lines 822--822
[]\OT1/cmtt/m/n/10 ............................................................
..............[] 
 []


Overfull \hbox (43.49661pt too wide) in paragraph at lines 834--834
[]\OT1/cmtt/m/n/10 < buildr ---------------------------------------------------
------------ >[] 
 []


Overfull \hbox (43.49661pt too wide) in paragraph at lines 834--834
[]\OT1/cmtt/m/n/10 [ Build ----------------------------------------------------
------------ ][] 
 []


Overfull \hbox (43.49661pt too wide) in paragraph at lines 834--834
[]\OT1/cmtt/m/n/10 [ Buildr 1.4 -----------------------------------------------
------------ ][] 
 []


Overfull \hbox (43.49661pt too wide) in paragraph at lines 834--834
[]\OT1/cmtt/m/n/10 |             [ introduce ------------ ]                    
             |[] 
 []


Overfull \hbox (43.49661pt too wide) in paragraph at lines 834--834
[]\OT1/cmtt/m/n/10 [ JRuby 1.5 ] [ Ant ]                    < Configuration ---
------------ >[] 
 []


Overfull \hbox (43.49661pt too wide) in paragraph at lines 834--834
[]\OT1/cmtt/m/n/10 [ Java 2 SDK 1.6 --------------------- ] < Monitor Shell ---
------------ >[] 
 []


Overfull \hbox (43.49661pt too wide) in paragraph at lines 834--834
[]\OT1/cmtt/m/n/10 < local UNIX tools -----------------------------------------
------------ >[] 
 []

[18] [19]
Overfull \hbox (110.98885pt too wide) in paragraph at lines 934--940
\OT1/cmr/m/n/10 3rd party li-braries. Please ei-ther con-sult the []\OT1/cmtt/m
/n/10 Buildfile \OT1/cmr/m/n/10 or []\OT1/cmtt/m/n/10 $GNDMS_SOURCE/lib/gndms-d
epencies[.xml]
 []


Overfull \hbox (43.75449pt too wide) in paragraph at lines 941--944
[]\OT1/cmr/bx/n/10 Build \OT1/cmr/m/it/10 (Build) \OT1/cmr/m/n/10 : Build scrip
ts are writ-ten in ruby and placed in []\OT1/cmtt/m/n/10 $GNDMS_SOURCE/Buildfil
e
 []


Overfull \hbox (74.97308pt too wide) in paragraph at lines 974--977
[]\OT1/cmr/m/n/10 Read the ac-tion frame-work (Ev-ery-thing that in-her-its fro
m de.zib.gndms.logic.action.Action) 
 []


Overfull \hbox (2.83127pt too wide) in paragraph at lines 977--980
[]\OT1/cmr/m/n/10 Checkout []\OT1/cmtt/m/n/10 infra/src/de/zib/gndms/infra/syst
em/EMTools.java \OT1/cmr/m/n/10 to un-
 []


Overfull \hbox (19.58064pt too wide) in paragraph at lines 989--992
[]\OT1/cmr/m/n/10 Read []\OT1/cmtt/m/n/10 infra/src/de/zib/gndms/infra/system/G
NDMSystemDirectory.java
 []

[20]
Overfull \hbox (47.74046pt too wide) in paragraph at lines 1042--1045
[]\OT1/cmr/m/n/10 Do not di-rectly in-stan-ti-ate port types. Al-ways use the a
s-so-ci-ated []\OT1/cmtt/m/n/10 PortTypeFooClient
 []

[21]
Overfull \hbox (122.24593pt too wide) in paragraph at lines 1075--1075
[]         \OT1/cmtt/m/n/10 <parameter name="securityDescriptor" value="etc/ser
viceFoo-security-desc.xml" />[] 
 []


Overfull \hbox (53.99652pt too wide) in paragraph at lines 1086--1086
[]\OT1/cmtt/m/n/10 ClientSecurityDescriptor desc = new ClientSecurityDescriptor
( CLIENT_DESC );[] 
 []

[22] [23]
Overfull \hbox (38.24666pt too wide) in paragraph at lines 1213--1213
[]\OT1/cmtt/m/n/10 String delUri =  "http://somehost/wsrf/services/DelegationFa
ctoryService"[] 
 []


Overfull \hbox (69.74638pt too wide) in paragraph at lines 1213--1213
[]\OT1/cmtt/m/n/10 // Create security descriptor for the communication with the
 delegation service[] 
 []


Overfull \hbox (1.49698pt too wide) in paragraph at lines 1213--1213
[]    \OT1/cmtt/m/n/10 new org.globus.gsi.gssapi.GlobusGSSCredentialImpl( crede
ntial,[] 
 []


Overfull \hbox (59.24648pt too wide) in paragraph at lines 1213--1213
[]    \OT1/cmtt/m/n/10 DelegationUtil.delegate( delUri, credential, certs[0], t
tl, true, desc );[] 
 []

[24]
Overfull \hbox (1.49698pt too wide) in paragraph at lines 1213--1213
[]\OT1/cmtt/m/n/10 // creates a new resource which uses the delegate, i.e. prox
y cert[] 
 []


Overfull \hbox (74.99634pt too wide) in paragraph at lines 1231--1231
[]\OT1/cmtt/m/n/10 public EndpointReferenceType createResource ( EndpointRefere
nceType delegate ) {[] 
 []


Overfull \hbox (6.74693pt too wide) in paragraph at lines 1271--1271
[]    \OT1/cmtt/m/n/10 public void refreshRegistration( final boolean forceRefr
esh ) {[] 
 []


Overfull \hbox (6.74693pt too wide) in paragraph at lines 1271--1271
[]    \OT1/cmtt/m/n/10 public void setDelegateEPR( final EndpointReferenceType 
epr ) {[] 
 []

[25]
Overfull \hbox (6.74693pt too wide) in paragraph at lines 1271--1271
[]            \OT1/cmtt/m/n/10 DelegationUtil.registerDelegationListener( epr, 
list );[] 
 []


Overfull \hbox (6.74693pt too wide) in paragraph at lines 1316--1316
[]\OT1/cmtt/m/n/10 public class SomeDelegationListener implements DelegationLis
tener {[] 
 []


Overfull \hbox (95.99615pt too wide) in paragraph at lines 1316--1316
[]    \OT1/cmtt/m/n/10 private static Logger logger = Logger.getLogger( SomeDel
egationListener.class );[] 
 []


Overfull \hbox (1.49698pt too wide) in paragraph at lines 1316--1316
[]    \OT1/cmtt/m/n/10 public void setCredential( final GlobusCredential creden
tial )[] 
 []

[26]
Overfull \hbox (106.49606pt too wide) in paragraph at lines 1316--1316
[]    \OT1/cmtt/m/n/10 // getters and setters for the instance vars are omitted
 for the sake of shortness[] 
 []


Overfull \hbox (41.11029pt too wide) in paragraph at lines 1328--1334
[]\OT1/cmtt/m/n/10 SomeService \OT1/cmr/m/n/10 with the proxy cre-den-tials by 
first load-ing them into the []\OT1/cmtt/m/n/10 ClientDescriptor\OT1/cmr/m/n/10
 : 
 []


Overfull \hbox (90.7462pt too wide) in paragraph at lines 1346--1346
[]    \OT1/cmtt/m/n/10 ( (Stub) port )._setProperty( org.globus.wsrf.security.C
onstants.GSI_TRANSPORT,[] 
 []


Overfull \hbox (32.9967pt too wide) in paragraph at lines 1346--1346
[]                        \OT1/cmtt/m/n/10 org.globus.wsrf.security.Constants.E
NCRYPTION );[] 
 []


Overfull \hbox (1.49698pt too wide) in paragraph at lines 1346--1346
[]    \OT1/cmtt/m/n/10 new org.globus.gsi.gssapi.GlobusGSSCredentialImpl( crede
ntial,[] 
 []


Overfull \hbox (6.74693pt too wide) in paragraph at lines 1353--1353
[] \OT1/cmtt/m/n/10 org.globus.wsrf.security.SecurityManager.getManager().getCa
ller();[] 
 []


Overfull \hbox (53.99652pt too wide) in paragraph at lines 1359--1359
[]  \OT1/cmtt/m/n/10 org.globus.wsrf.security.SecurityManager.getManager( ).get
LocalUsernames()[] 
 []

[27]
Overfull \hbox (64.49643pt too wide) in paragraph at lines 1377--1377
[]         \OT1/cmtt/m/n/10 new GlobusGSSCredentialImpl( credential, GSSCredent
ial.ACCEPT_ONLY );[] 
 []


Overfull \hbox (38.24666pt too wide) in paragraph at lines 1377--1377
[]         \OT1/cmtt/m/n/10 fos.write( crd.export( ExtendedGSSCredential.IMPEXP
_OPAQUE  ) );[] 
 []


Overfull \hbox (32.9967pt too wide) in paragraph at lines 1397--1397
[]\OT1/cmtt/m/n/10 openssl verify -CApath /etc/grid-security/certificates -CAfi
le tail head[] 
 []

[28] [29] [30] [31] [32] [33] [34] [35] [36] (./gndms-site-04.08.2010.aux) ) 
Here is how much of TeX's memory you used:
 5633 strings out of 493886
 77320 string characters out of 1151099
 150038 words of memory out of 3000000
 8729 multiletter control sequences out of 10000+50000
 12662 words of font info for 50 fonts, out of 3000000 for 5000
 714 hyphenation exceptions out of 8191
 36i,6n,39p,594b,404s stack positions out of 5000i,500n,10000p,200000b,50000s
</u
sr/local/texlive/2008/texmf-dist/fonts/type1/bluesky/cm/cmbx10.pfb></usr/local/
texlive/2008/texmf-dist/fonts/type1/bluesky/cm/cmbx12.pfb></usr/local/texlive/2
008/texmf-dist/fonts/type1/bluesky/cm/cmitt10.pfb></usr/local/texlive/2008/texm
f-dist/fonts/type1/bluesky/cm/cmmi10.pfb></usr/local/texlive/2008/texmf-dist/fo
nts/type1/bluesky/cm/cmr10.pfb></usr/local/texlive/2008/texmf-dist/fonts/type1/
bluesky/cm/cmr12.pfb></usr/local/texlive/2008/texmf-dist/fonts/type1/bluesky/cm
/cmr17.pfb></usr/local/texlive/2008/texmf-dist/fonts/type1/bluesky/cm/cmr9.pfb>
</usr/local/texlive/2008/texmf-dist/fonts/type1/bluesky/cm/cmsltt10.pfb></usr/l
ocal/texlive/2008/texmf-dist/fonts/type1/bluesky/cm/cmsy10.pfb></usr/local/texl
ive/2008/texmf-dist/fonts/type1/bluesky/cm/cmti10.pfb></usr/local/texlive/2008/
texmf-dist/fonts/type1/bluesky/cm/cmtt10.pfb>
Output written on gndms-site-04.08.2010.pdf (36 pages, 239688 bytes).
PDF statistics:
 557 PDF objects out of 1000 (max. 8388607)
 97 named destinations out of 1000 (max. 131072)
 489 words of extra memory for PDF output out of 10000 (max. 10000000)

